<?xml version="1.0" encoding="UTF-8"?>
<!-- Generated by org.testng.reporters.JUnitReportReporter -->
<testsuite skipped="0" hostname="DESKTOP-EOII60T" name="testcases.CarInsuranceErrorMessage" tests="11" failures="0" timestamp="2021-05-23T13:39:05 IST" time="7.334" errors="0">
  <testcase name="clickcarbutton" time="0.567" classname="testcases.CarInsuranceErrorMessage"/>
  <system-out/>
  <testcase name="proceed" time="1.414" classname="testcases.CarInsuranceErrorMessage"/>
  <system-out/>
  <testcase name="city" time="0.485" classname="testcases.CarInsuranceErrorMessage"/>
  <system-out/>
  <testcase name="carbrand" time="0.453" classname="testcases.CarInsuranceErrorMessage"/>
  <system-out/>
  <testcase name="carmodel" time="0.330" classname="testcases.CarInsuranceErrorMessage"/>
  <system-out/>
  <testcase name="type" time="0.501" classname="testcases.CarInsuranceErrorMessage"/>
  <system-out/>
  <testcase name="varient" time="0.392" classname="testcases.CarInsuranceErrorMessage"/>
  <system-out/>
  <testcase name="year" time="0.237" classname="testcases.CarInsuranceErrorMessage"/>
  <system-out/>
  <testcase name="filldetails" time="1.725" classname="testcases.CarInsuranceErrorMessage"/>
  <system-out/>
  <testcase name="screenshot" time="0.930" classname="testcases.CarInsuranceErrorMessage"/>
  <system-out/>
  <testcase name="close" time="0.300" classname="testcases.CarInsuranceErrorMessage"/>
  <system-out/>
</testsuite> <!-- testcases.CarInsuranceErrorMessage -->
