<?xml version="1.0" encoding="UTF-8"?>
<!-- Generated by org.testng.reporters.JUnitReportReporter -->
<testsuite skipped="0" hostname="DESKTOP-EOII60T" name="base.TestBase" tests="1" failures="0" timestamp="2021-05-19T15:39:59 IST" time="9.677" errors="0">
  <testcase name="invokeBrowser" time="9.677" classname="base.TestBase"/>
  <system-out/>
</testsuite> <!-- base.TestBase -->
