<?xml version="1.0" encoding="UTF-8"?>
<!-- Generated by org.testng.reporters.JUnitReportReporter -->
<testsuite skipped="0" hostname="DESKTOP-EOII60T" name="testcases.TravelInsuranceDetails" tests="10" failures="0" timestamp="2021-05-23T13:39:05 IST" time="19.490" errors="0">
  <testcase name="opentravelinsurancepage" time="6.220" classname="testcases.TravelInsuranceDetails"/>
  <system-out/>
  <testcase name="student" time="0.697" classname="testcases.TravelInsuranceDetails"/>
  <system-out/>
  <testcase name="dest" time="1.681" classname="testcases.TravelInsuranceDetails"/>
  <system-out/>
  <testcase name="age" time="0.574" classname="testcases.TravelInsuranceDetails"/>
  <system-out/>
  <testcase name="start" time="1.065" classname="testcases.TravelInsuranceDetails"/>
  <system-out/>
  <testcase name="click" time="0.307" classname="testcases.TravelInsuranceDetails"/>
  <system-out/>
  <testcase name="fill" time="1.685" classname="testcases.TravelInsuranceDetails"/>
  <system-out/>
  <testcase name="sort" time="6.279" classname="testcases.TravelInsuranceDetails"/>
  <system-out/>
  <testcase name="productdetails" time="0.836" classname="testcases.TravelInsuranceDetails"/>
  <system-out/>
  <testcase name="close" time="0.146" classname="testcases.TravelInsuranceDetails"/>
  <system-out/>
</testsuite> <!-- testcases.TravelInsuranceDetails -->
