<?xml version="1.0" encoding="UTF-8"?>
<!-- Generated by org.testng.reporters.JUnitReportReporter -->
<testsuite skipped="0" hostname="DESKTOP-EOII60T" name="util.WriteExcel" tests="1" failures="0" timestamp="2021-05-23T13:39:05 IST" time="0.496" errors="0">
  <testcase name="writeproducts" time="0.496" classname="util.WriteExcel"/>
  <system-out/>
</testsuite> <!-- util.WriteExcel -->
