<?xml version="1.0" encoding="UTF-8"?>
<!-- Generated by org.testng.reporters.JUnitReportReporter -->
<testsuite skipped="0" hostname="DESKTOP-EOII60T" name="util.Writehealthlist" tests="1" failures="0" timestamp="2021-05-23T13:39:05 IST" time="0.075" errors="0">
  <testcase name="healthlist" time="0.075" classname="util.Writehealthlist"/>
  <system-out/>
</testsuite> <!-- util.Writehealthlist -->
